<?xml version="1.0" encoding="UTF-8"?>
<testsuite xmlns:xsi="http://www.w3.org/2001/XMLSchema-instance" xsi:noNamespaceSchemaLocation="https://maven.apache.org/surefire/maven-surefire-plugin/xsd/surefire-test-report-3.0.xsd" version="3.0" name="naiara.TrianguloTest" time="0.184" tests="20" errors="0" skipped="0" failures="0">
  <properties>
[...]
</properties>
  <testcase name="validarTipoTriangulo(int, int, int, String)[1]" classname="naiara.TrianguloTest" time="0.047"/>
  <testcase name="validarTipoTriangulo(int, int, int, String)[2]" classname="naiara.TrianguloTest" time="0.009"/>
  <testcase name="validarTipoTriangulo(int, int, int, String)[3]" classname="naiara.TrianguloTest" time="0"/>
  <testcase name="validarTipoTriangulo(int, int, int, String)[4]" classname="naiara.TrianguloTest" time="0"/>
  <testcase name="validarTipoTriangulo(int, int, int, String)[5]" classname="naiara.TrianguloTest" time="0"/>
  <testcase name="validarTipoTriangulo(int, int, int, String)[6]" classname="naiara.TrianguloTest" time="0"/>
  <testcase name="validarTipoTriangulo(int, int, int, String)[7]" classname="naiara.TrianguloTest" time="0.016"/>
  <testcase name="validarTipoTriangulo(int, int, int, String)[8]" classname="naiara.TrianguloTest" time="0"/>
  <testcase name="validarTipoTriangulo(int, int, int, String)[9]" classname="naiara.TrianguloTest" time="0"/>
  <testcase name="validarTipoTriangulo(int, int, int, String)[10]" classname="naiara.TrianguloTest" time="0"/>
  <testcase name="validarTipoTriangulo(int, int, int, String)[11]" classname="naiara.TrianguloTest" time="0"/>
  <testcase name="validarTipoTriangulo(int, int, int, String)[12]" classname="naiara.TrianguloTest" time="0.015"/>
  <testcase name="validarTipoTriangulo(int, int, int, String)[13]" classname="naiara.TrianguloTest" time="0"/>
  <testcase name="validarTipoTriangulo(int, int, int, String)[14]" classname="naiara.TrianguloTest" time="0"/>
  <testcase name="validarTipoTriangulo(int, int, int, String)[15]" classname="naiara.TrianguloTest" time="0"/>
  <testcase name="validarTipoTriangulo(int, int, int, String)[16]" classname="naiara.TrianguloTest" time="0"/>
  <testcase name="validarTipoTriangulo(int, int, int, String)[17]" classname="naiara.TrianguloTest" time="0"/>
  <testcase name="validarTipoTriangulo(int, int, int, String)[18]" classname="naiara.TrianguloTest" time="0"/>
  <testcase name="validarTipoTriangulo(int, int, int, String)[19]" classname="naiara.TrianguloTest" time="0"/>
  <testcase name="validarTipoTriangulo(int, int, int, String)[20]" classname="naiara.TrianguloTest" time="0"/>
</testsuite>